2021-01-23 12:11:40,078:INFO:Initializing load_model()
2021-01-23 12:11:40,078:INFO:load_model(verbose=True, authentication=None, platform=None, model_name=deployment_28042020)
2021-01-23 12:11:46,849:INFO:Initializing load_model()
2021-01-23 12:11:46,849:INFO:load_model(verbose=True, authentication=None, platform=None, model_name=deployment_28042020)
2021-01-23 12:14:19,172:INFO:Initializing load_model()
2021-01-23 12:14:19,172:INFO:load_model(verbose=True, authentication=None, platform=None, model_name=deployment_28042020)
2021-01-23 12:14:25,660:INFO:Initializing load_model()
2021-01-23 12:14:25,660:INFO:load_model(verbose=True, authentication=None, platform=None, model_name=deployment_28042020)
2021-01-23 12:16:06,799:INFO:Initializing predict_model()
2021-01-23 12:16:06,800:INFO:predict_model(display=None, ml_usecase=MLUsecase.REGRESSION, verbose=True, round=0, encoded_labels=True, probability_threshold=None, estimator=Pipeline(steps=[('dtypes',
                 DataTypes_Auto_infer(ml_usecase='regression',
                                      target='charges')),
                ('imputer',
                 Simple_Imputer(categorical_strategy='not_available',
                                fill_value_categorical=None,
                                fill_value_numerical=None,
                                numeric_strategy='mean',
                                target_variable=None)),
                ('new_levels1',
                 New_Catagorical_Levels_in_TestData(replacement_strategy='least '
                                                                         'frequent',
                                                    target=...
                ('fix_perfect', Remove_100(target='charges')),
                ('clean_names', Clean_Colum_Names()),
                ('feature_select', 'passthrough'), ('fix_multi', 'passthrough'),
                ('dfs',
                 DFS_Classic(interactions=['multiply'], ml_usecase='regression',
                             random_state=123, subclass='binary',
                             target='charges',
                             top_features_to_pick_percentage=None)),
                ('pca', 'passthrough'),
                ['trained_model', LinearRegression(n_jobs=-1)]]))
2021-01-23 12:16:06,800:INFO:Checking exceptions
2021-01-23 12:16:06,800:INFO:Preloading libraries
2021-01-23 12:17:12,937:INFO:Initializing predict_model()
2021-01-23 12:17:12,937:INFO:predict_model(display=None, ml_usecase=MLUsecase.REGRESSION, verbose=True, round=0, encoded_labels=True, probability_threshold=None, estimator=Pipeline(steps=[('dtypes',
                 DataTypes_Auto_infer(ml_usecase='regression',
                                      target='charges')),
                ('imputer',
                 Simple_Imputer(categorical_strategy='not_available',
                                fill_value_categorical=None,
                                fill_value_numerical=None,
                                numeric_strategy='mean',
                                target_variable=None)),
                ('new_levels1',
                 New_Catagorical_Levels_in_TestData(replacement_strategy='least '
                                                                         'frequent',
                                                    target=...
                ('fix_perfect', Remove_100(target='charges')),
                ('clean_names', Clean_Colum_Names()),
                ('feature_select', 'passthrough'), ('fix_multi', 'passthrough'),
                ('dfs',
                 DFS_Classic(interactions=['multiply'], ml_usecase='regression',
                             random_state=123, subclass='binary',
                             target='charges',
                             top_features_to_pick_percentage=None)),
                ('pca', 'passthrough'),
                ['trained_model', LinearRegression(n_jobs=-1)]]))
2021-01-23 12:17:12,937:INFO:Checking exceptions
2021-01-23 12:17:12,937:INFO:Preloading libraries
